<?xml version="1.0" encoding="UTF-8"?>
<!-- Generated by org.testng.reporters.JUnitReportReporter -->
<testsuite hostname="DSCHD-PC-170" failures="0" tests="2" name="FrameFork_TestNG.Test_2" time="0.005" errors="0" timestamp="2022-07-04T14:01:21 IST" skipped="0">
  <testcase classname="FrameFork_TestNG.Test_2" name="PersonalLoan" time="0.004"/>
  <system-out/>
  <testcase classname="FrameFork_TestNG.Test_2" name="CarLoan" time="0.001"/>
  <system-out/>
</testsuite> <!-- FrameFork_TestNG.Test_2 -->
