<?xml version="1.0" encoding="UTF-8"?>
<!-- Generated by org.testng.reporters.JUnitReportReporter -->
<testsuite hostname="DSCHD-PC-170" failures="0" tests="2" name="TestNg_Annotations.Test_2" time="0.003" errors="0" timestamp="2022-07-05T12:31:50 IST" skipped="0">
  <testcase classname="TestNg_Annotations.Test_2" name="CarLoan" time="0.002"/>
  <system-out/>
  <testcase classname="TestNg_Annotations.Test_2" name="PersonalLoan" time="0.001"/>
  <system-out/>
</testsuite> <!-- TestNg_Annotations.Test_2 -->
