<?xml version="1.0" encoding="UTF-8"?>
<!-- Generated by org.testng.reporters.JUnitReportReporter -->
<testsuite hostname="DSCHD-PC-170" failures="0" tests="2" name="TestNg_Annotations.Test_1" time="0.006" errors="0" timestamp="2022-07-04T16:32:02 IST" skipped="0">
  <testcase classname="TestNg_Annotations.Test_1" name="PLoan" time="0.004"/>
  <system-out/>
  <testcase classname="TestNg_Annotations.Test_1" name="insurance" time="0.002"/>
  <system-out/>
</testsuite> <!-- TestNg_Annotations.Test_1 -->
