<?xml version="1.0" encoding="UTF-8"?>
<!-- Generated by org.testng.reporters.JUnitReportReporter -->
<testsuite hostname="DSCHD-PC-170" failures="0" tests="1" name="Dropdown.Static_dropdown" time="14.496" errors="0" timestamp="2022-06-29T10:09:24 IST" skipped="0">
  <testcase classname="Dropdown.Static_dropdown" name="Dropdown" time="14.496"/>
  <system-out/>
</testsuite> <!-- Dropdown.Static_dropdown -->
