<?xml version="1.0" encoding="UTF-8"?>
<!-- Generated by org.testng.reporters.JUnitReportReporter -->
<testsuite hostname="DSCHD-PC-170" failures="0" tests="1" name="Dropdown.Dynamic_Dropdown" time="16.797" errors="0" timestamp="2022-06-29T16:29:41 IST" skipped="0">
  <testcase classname="Dropdown.Dynamic_Dropdown" name="Dropdown_d" time="16.797"/>
  <system-out/>
</testsuite> <!-- Dropdown.Dynamic_Dropdown -->
