<?xml version="1.0" encoding="UTF-8"?>
<!-- Generated by org.testng.reporters.JUnitReportReporter -->
<testsuite hostname="DSCHD-PC-170" failures="0" tests="2" name="FrameFork_TestNG.day_3" time="0.018" errors="0" timestamp="2022-07-04T14:01:21 IST" skipped="0">
  <testcase classname="FrameFork_TestNG.day_3" name="zerodepth" time="0.003"/>
  <system-out/>
  <testcase classname="FrameFork_TestNG.day_3" name="policy" time="0.015"/>
  <system-out/>
</testsuite> <!-- FrameFork_TestNG.day_3 -->
