<?xml version="1.0" encoding="UTF-8"?>
<!-- Generated by org.testng.reporters.JUnitReportReporter -->
<testsuite hostname="DSCHD-PC-170" failures="0" tests="3" name="java_Streams.Test_1" time="0.080" errors="0" timestamp="2022-07-03T09:56:45 IST" skipped="0">
  <testcase classname="java_Streams.Test_1" name="Test2" time="0.002"/>
  <system-out/>
  <testcase classname="java_Streams.Test_1" name="first" time="0.002"/>
  <system-out/>
  <testcase classname="java_Streams.Test_1" name="MapStream" time="0.076"/>
  <system-out/>
</testsuite> <!-- java_Streams.Test_1 -->
